2017-03-22 21:06:58,245 - Log4JLogChute initialized using file 'velocity.log'
2017-03-22 21:06:58,245 - Starting Apache Velocity v1.5 (compiled: 2007-02-22 08:52:29)
2017-03-22 21:06:58,245 - Default Properties File: org/apache/velocity/runtime/defaults/velocity.properties
2017-03-22 21:06:58,245 - Trying to use logger class org.apache.velocity.runtime.log.AvalonLogChute
2017-03-22 21:06:58,245 - Couldn't find class org.apache.velocity.runtime.log.AvalonLogChute or necessary supporting classes in classpath.
java.lang.NoClassDefFoundError: org/apache/log/format/Formatter
	at java.lang.Class.forName0(Native Method)
	at java.lang.Class.forName(Class.java:348)
	at org.apache.velocity.util.ClassUtils.getClass(ClassUtils.java:63)
	at org.apache.velocity.util.ClassUtils.getNewInstance(ClassUtils.java:95)
	at org.apache.velocity.runtime.log.LogManager.createLogChute(LogManager.java:147)
	at org.apache.velocity.runtime.log.LogManager.updateLog(LogManager.java:208)
	at org.apache.velocity.runtime.RuntimeInstance.initializeLog(RuntimeInstance.java:728)
	at org.apache.velocity.runtime.RuntimeInstance.init(RuntimeInstance.java:240)
	at org.apache.velocity.app.VelocityEngine.init(VelocityEngine.java:116)
	at org.deri.grefine.reconcile.ServiceRegistry.getHtmlOfResourcePreviewTemplate(ServiceRegistry.java:175)
	at org.deri.grefine.reconcile.GRefineServiceManager.getHtmlOfResourcePreviewTemplate(GRefineServiceManager.java:149)
	at sun.reflect.NativeMethodAccessorImpl.invoke0(Native Method)
	at sun.reflect.NativeMethodAccessorImpl.invoke(NativeMethodAccessorImpl.java:62)
	at sun.reflect.DelegatingMethodAccessorImpl.invoke(DelegatingMethodAccessorImpl.java:43)
	at java.lang.reflect.Method.invoke(Method.java:498)
	at org.mozilla.javascript.MemberBox.invoke(MemberBox.java:161)
	at org.mozilla.javascript.NativeJavaMethod.call(NativeJavaMethod.java:247)
	at org.mozilla.javascript.optimizer.OptRuntime.call2(OptRuntime.java:76)
	at org.mozilla.javascript.gen.c6._c5(file:/home/citroen/FAIRifier/main/webapp/../../extensions/grefine-rdf-extension/module/MOD-INF/controller.js:218)
	at org.mozilla.javascript.gen.c6.call(file:/home/citroen/FAIRifier/main/webapp/../../extensions/grefine-rdf-extension/module/MOD-INF/controller.js)
	at org.mozilla.javascript.ContextFactory.doTopCall(ContextFactory.java:398)
	at org.mozilla.javascript.ScriptRuntime.doTopCall(ScriptRuntime.java:3065)
	at org.mozilla.javascript.gen.c6.call(file:/home/citroen/FAIRifier/main/webapp/../../extensions/grefine-rdf-extension/module/MOD-INF/controller.js)
	at edu.mit.simile.butterfly.ButterflyModuleImpl$Controller.process(ButterflyModuleImpl.java:399)
	at edu.mit.simile.butterfly.ButterflyModuleImpl$Controller.run(ButterflyModuleImpl.java:377)
	at org.mozilla.javascript.Context.call(Context.java:515)
	at org.mozilla.javascript.ContextFactory.call(ContextFactory.java:507)
	at edu.mit.simile.butterfly.ButterflyModuleImpl.processScript(ButterflyModuleImpl.java:650)
	at edu.mit.simile.butterfly.ButterflyModuleImpl.process(ButterflyModuleImpl.java:427)
	at edu.mit.simile.butterfly.Butterfly.service(Butterfly.java:516)
	at com.google.refine.RefineServlet.service(RefineServlet.java:200)
	at javax.servlet.http.HttpServlet.service(HttpServlet.java:820)
	at org.mortbay.jetty.servlet.ServletHolder.handle(ServletHolder.java:511)
	at org.mortbay.jetty.servlet.ServletHandler$CachedChain.doFilter(ServletHandler.java:1166)
	at org.mortbay.servlet.UserAgentFilter.doFilter(UserAgentFilter.java:81)
	at org.mortbay.servlet.GzipFilter.doFilter(GzipFilter.java:132)
	at org.mortbay.jetty.servlet.ServletHandler$CachedChain.doFilter(ServletHandler.java:1157)
	at org.mortbay.jetty.servlet.ServletHandler.handle(ServletHandler.java:388)
	at org.mortbay.jetty.security.SecurityHandler.handle(SecurityHandler.java:216)
	at org.mortbay.jetty.servlet.SessionHandler.handle(SessionHandler.java:182)
	at org.mortbay.jetty.handler.ContextHandler.handle(ContextHandler.java:765)
	at org.mortbay.jetty.webapp.WebAppContext.handle(WebAppContext.java:418)
	at org.mortbay.jetty.handler.HandlerWrapper.handle(HandlerWrapper.java:152)
	at org.mortbay.jetty.Server.handle(Server.java:326)
	at org.mortbay.jetty.HttpConnection.handleRequest(HttpConnection.java:542)
	at org.mortbay.jetty.HttpConnection$RequestHandler.headerComplete(HttpConnection.java:923)
	at org.mortbay.jetty.HttpParser.parseNext(HttpParser.java:547)
	at org.mortbay.jetty.HttpParser.parseAvailable(HttpParser.java:212)
	at org.mortbay.jetty.HttpConnection.handle(HttpConnection.java:404)
	at org.mortbay.jetty.bio.SocketConnector$Connection.run(SocketConnector.java:228)
	at java.util.concurrent.ThreadPoolExecutor.runWorker(ThreadPoolExecutor.java:1142)
	at java.util.concurrent.ThreadPoolExecutor$Worker.run(ThreadPoolExecutor.java:617)
	at java.lang.Thread.run(Thread.java:745)
Caused by: java.lang.ClassNotFoundException: org.apache.log.format.Formatter
	at java.net.URLClassLoader.findClass(URLClassLoader.java:381)
	at java.lang.ClassLoader.loadClass(ClassLoader.java:424)
	at sun.misc.Launcher$AppClassLoader.loadClass(Launcher.java:331)
	at java.lang.ClassLoader.loadClass(ClassLoader.java:357)
	at org.mortbay.jetty.webapp.WebAppClassLoader.loadClass(WebAppClassLoader.java:401)
	at org.mortbay.jetty.webapp.WebAppClassLoader.loadClass(WebAppClassLoader.java:363)
	... 53 more
2017-03-22 21:06:58,245 - Trying to use logger class org.apache.velocity.runtime.log.Log4JLogChute
2017-03-22 21:06:58,246 - Using logger class org.apache.velocity.runtime.log.Log4JLogChute
2017-03-22 21:06:58,246 - Default ResourceManager initializing. (class org.apache.velocity.runtime.resource.ResourceManagerImpl)
2017-03-22 21:06:58,246 - ResourceLoader instantiated: org.apache.velocity.runtime.resource.loader.FileResourceLoader
2017-03-22 21:06:58,246 - Do unicode file recognition:  false
2017-03-22 21:06:58,246 - FileResourceLoader : adding path '.'
2017-03-22 21:06:58,246 - ResourceCache: initialized (class org.apache.velocity.runtime.resource.ResourceCacheImpl)
2017-03-22 21:06:58,246 - Loaded System Directive: org.apache.velocity.runtime.directive.Literal
2017-03-22 21:06:58,246 - Loaded System Directive: org.apache.velocity.runtime.directive.Macro
2017-03-22 21:06:58,246 - Loaded System Directive: org.apache.velocity.runtime.directive.Parse
2017-03-22 21:06:58,246 - Loaded System Directive: org.apache.velocity.runtime.directive.Include
2017-03-22 21:06:58,246 - Loaded System Directive: org.apache.velocity.runtime.directive.Foreach
2017-03-22 21:06:58,248 - Created '20' parsers.
2017-03-22 21:06:58,248 - Velocimacro : "velocimacro.library" is not set.  Trying default library: VM_global_library.vm
2017-03-22 21:06:58,248 - Velocimacro : Default library not found.
2017-03-22 21:06:58,248 - Velocimacro : allowInline = true : VMs can be defined inline in templates
2017-03-22 21:06:58,248 - Velocimacro : allowInlineToOverride = false : VMs defined inline may NOT replace previous VM definitions
2017-03-22 21:06:58,248 - Velocimacro : allowInlineLocal = false : VMs defined inline will be global in scope if allowed.
2017-03-22 21:06:58,248 - Velocimacro : autoload off : VM system will not automatically reload global library macros
2017-03-22 21:07:52,358 - Log4JLogChute initialized using file 'velocity.log'
2017-03-22 21:07:52,358 - Starting Apache Velocity v1.5 (compiled: 2007-02-22 08:52:29)
2017-03-22 21:07:52,358 - Default Properties File: org/apache/velocity/runtime/defaults/velocity.properties
2017-03-22 21:07:52,358 - Trying to use logger class org.apache.velocity.runtime.log.AvalonLogChute
2017-03-22 21:07:52,359 - Couldn't find class org.apache.velocity.runtime.log.AvalonLogChute or necessary supporting classes in classpath.
java.lang.NoClassDefFoundError: org/apache/log/format/Formatter
	at java.lang.Class.forName0(Native Method)
	at java.lang.Class.forName(Class.java:348)
	at org.apache.velocity.util.ClassUtils.getClass(ClassUtils.java:63)
	at org.apache.velocity.util.ClassUtils.getNewInstance(ClassUtils.java:95)
	at org.apache.velocity.runtime.log.LogManager.createLogChute(LogManager.java:147)
	at org.apache.velocity.runtime.log.LogManager.updateLog(LogManager.java:208)
	at org.apache.velocity.runtime.RuntimeInstance.initializeLog(RuntimeInstance.java:728)
	at org.apache.velocity.runtime.RuntimeInstance.init(RuntimeInstance.java:240)
	at org.apache.velocity.app.VelocityEngine.init(VelocityEngine.java:116)
	at org.deri.grefine.reconcile.ServiceRegistry.getHtmlOfResourcePreviewTemplate(ServiceRegistry.java:175)
	at org.deri.grefine.reconcile.GRefineServiceManager.getHtmlOfResourcePreviewTemplate(GRefineServiceManager.java:149)
	at sun.reflect.NativeMethodAccessorImpl.invoke0(Native Method)
	at sun.reflect.NativeMethodAccessorImpl.invoke(NativeMethodAccessorImpl.java:62)
	at sun.reflect.DelegatingMethodAccessorImpl.invoke(DelegatingMethodAccessorImpl.java:43)
	at java.lang.reflect.Method.invoke(Method.java:498)
	at org.mozilla.javascript.MemberBox.invoke(MemberBox.java:161)
	at org.mozilla.javascript.NativeJavaMethod.call(NativeJavaMethod.java:247)
	at org.mozilla.javascript.optimizer.OptRuntime.call2(OptRuntime.java:76)
	at org.mozilla.javascript.gen.c6._c5(file:/home/citroen/FAIRifier/main/webapp/../../extensions/grefine-rdf-extension/module/MOD-INF/controller.js:218)
	at org.mozilla.javascript.gen.c6.call(file:/home/citroen/FAIRifier/main/webapp/../../extensions/grefine-rdf-extension/module/MOD-INF/controller.js)
	at org.mozilla.javascript.ContextFactory.doTopCall(ContextFactory.java:398)
	at org.mozilla.javascript.ScriptRuntime.doTopCall(ScriptRuntime.java:3065)
	at org.mozilla.javascript.gen.c6.call(file:/home/citroen/FAIRifier/main/webapp/../../extensions/grefine-rdf-extension/module/MOD-INF/controller.js)
	at edu.mit.simile.butterfly.ButterflyModuleImpl$Controller.process(ButterflyModuleImpl.java:399)
	at edu.mit.simile.butterfly.ButterflyModuleImpl$Controller.run(ButterflyModuleImpl.java:377)
	at org.mozilla.javascript.Context.call(Context.java:515)
	at org.mozilla.javascript.ContextFactory.call(ContextFactory.java:507)
	at edu.mit.simile.butterfly.ButterflyModuleImpl.processScript(ButterflyModuleImpl.java:650)
	at edu.mit.simile.butterfly.ButterflyModuleImpl.process(ButterflyModuleImpl.java:427)
	at edu.mit.simile.butterfly.Butterfly.service(Butterfly.java:516)
	at com.google.refine.RefineServlet.service(RefineServlet.java:200)
	at javax.servlet.http.HttpServlet.service(HttpServlet.java:820)
	at org.mortbay.jetty.servlet.ServletHolder.handle(ServletHolder.java:511)
	at org.mortbay.jetty.servlet.ServletHandler$CachedChain.doFilter(ServletHandler.java:1166)
	at org.mortbay.servlet.UserAgentFilter.doFilter(UserAgentFilter.java:81)
	at org.mortbay.servlet.GzipFilter.doFilter(GzipFilter.java:132)
	at org.mortbay.jetty.servlet.ServletHandler$CachedChain.doFilter(ServletHandler.java:1157)
	at org.mortbay.jetty.servlet.ServletHandler.handle(ServletHandler.java:388)
	at org.mortbay.jetty.security.SecurityHandler.handle(SecurityHandler.java:216)
	at org.mortbay.jetty.servlet.SessionHandler.handle(SessionHandler.java:182)
	at org.mortbay.jetty.handler.ContextHandler.handle(ContextHandler.java:765)
	at org.mortbay.jetty.webapp.WebAppContext.handle(WebAppContext.java:418)
	at org.mortbay.jetty.handler.HandlerWrapper.handle(HandlerWrapper.java:152)
	at org.mortbay.jetty.Server.handle(Server.java:326)
	at org.mortbay.jetty.HttpConnection.handleRequest(HttpConnection.java:542)
	at org.mortbay.jetty.HttpConnection$RequestHandler.headerComplete(HttpConnection.java:923)
	at org.mortbay.jetty.HttpParser.parseNext(HttpParser.java:547)
	at org.mortbay.jetty.HttpParser.parseAvailable(HttpParser.java:212)
	at org.mortbay.jetty.HttpConnection.handle(HttpConnection.java:404)
	at org.mortbay.jetty.bio.SocketConnector$Connection.run(SocketConnector.java:228)
	at java.util.concurrent.ThreadPoolExecutor.runWorker(ThreadPoolExecutor.java:1142)
	at java.util.concurrent.ThreadPoolExecutor$Worker.run(ThreadPoolExecutor.java:617)
	at java.lang.Thread.run(Thread.java:745)
Caused by: java.lang.ClassNotFoundException: org.apache.log.format.Formatter
	at java.net.URLClassLoader.findClass(URLClassLoader.java:381)
	at java.lang.ClassLoader.loadClass(ClassLoader.java:424)
	at sun.misc.Launcher$AppClassLoader.loadClass(Launcher.java:331)
	at java.lang.ClassLoader.loadClass(ClassLoader.java:357)
	at org.mortbay.jetty.webapp.WebAppClassLoader.loadClass(WebAppClassLoader.java:401)
	at org.mortbay.jetty.webapp.WebAppClassLoader.loadClass(WebAppClassLoader.java:363)
	... 53 more
2017-03-22 21:07:52,360 - Trying to use logger class org.apache.velocity.runtime.log.Log4JLogChute
2017-03-22 21:07:52,360 - Using logger class org.apache.velocity.runtime.log.Log4JLogChute
2017-03-22 21:07:52,360 - Default ResourceManager initializing. (class org.apache.velocity.runtime.resource.ResourceManagerImpl)
2017-03-22 21:07:52,361 - ResourceLoader instantiated: org.apache.velocity.runtime.resource.loader.FileResourceLoader
2017-03-22 21:07:52,361 - Do unicode file recognition:  false
2017-03-22 21:07:52,361 - FileResourceLoader : adding path '.'
2017-03-22 21:07:52,361 - ResourceCache: initialized (class org.apache.velocity.runtime.resource.ResourceCacheImpl)
2017-03-22 21:07:52,361 - Loaded System Directive: org.apache.velocity.runtime.directive.Literal
2017-03-22 21:07:52,361 - Loaded System Directive: org.apache.velocity.runtime.directive.Macro
2017-03-22 21:07:52,361 - Loaded System Directive: org.apache.velocity.runtime.directive.Parse
2017-03-22 21:07:52,361 - Loaded System Directive: org.apache.velocity.runtime.directive.Include
2017-03-22 21:07:52,361 - Loaded System Directive: org.apache.velocity.runtime.directive.Foreach
2017-03-22 21:07:52,362 - Created '20' parsers.
2017-03-22 21:07:52,362 - Velocimacro : "velocimacro.library" is not set.  Trying default library: VM_global_library.vm
2017-03-22 21:07:52,363 - Velocimacro : Default library not found.
2017-03-22 21:07:52,363 - Velocimacro : allowInline = true : VMs can be defined inline in templates
2017-03-22 21:07:52,363 - Velocimacro : allowInlineToOverride = false : VMs defined inline may NOT replace previous VM definitions
2017-03-22 21:07:52,363 - Velocimacro : allowInlineLocal = false : VMs defined inline will be global in scope if allowed.
2017-03-22 21:07:52,363 - Velocimacro : autoload off : VM system will not automatically reload global library macros
2017-03-22 21:07:59,416 - Log4JLogChute initialized using file 'velocity.log'
2017-03-22 21:07:59,416 - Log4JLogChute initialized using file 'velocity.log'
2017-03-22 21:07:59,416 - Starting Apache Velocity v1.5 (compiled: 2007-02-22 08:52:29)
2017-03-22 21:07:59,416 - Starting Apache Velocity v1.5 (compiled: 2007-02-22 08:52:29)
2017-03-22 21:07:59,416 - Default Properties File: org/apache/velocity/runtime/defaults/velocity.properties
2017-03-22 21:07:59,416 - Default Properties File: org/apache/velocity/runtime/defaults/velocity.properties
2017-03-22 21:07:59,416 - Trying to use logger class org.apache.velocity.runtime.log.AvalonLogChute
2017-03-22 21:07:59,416 - Trying to use logger class org.apache.velocity.runtime.log.AvalonLogChute
2017-03-22 21:07:59,416 - Couldn't find class org.apache.velocity.runtime.log.AvalonLogChute or necessary supporting classes in classpath.
java.lang.NoClassDefFoundError: org/apache/log/format/Formatter
	at java.lang.Class.forName0(Native Method)
	at java.lang.Class.forName(Class.java:348)
	at org.apache.velocity.util.ClassUtils.getClass(ClassUtils.java:63)
	at org.apache.velocity.util.ClassUtils.getNewInstance(ClassUtils.java:95)
	at org.apache.velocity.runtime.log.LogManager.createLogChute(LogManager.java:147)
	at org.apache.velocity.runtime.log.LogManager.updateLog(LogManager.java:208)
	at org.apache.velocity.runtime.RuntimeInstance.initializeLog(RuntimeInstance.java:728)
	at org.apache.velocity.runtime.RuntimeInstance.init(RuntimeInstance.java:240)
	at org.apache.velocity.app.VelocityEngine.init(VelocityEngine.java:116)
	at org.deri.grefine.reconcile.ServiceRegistry.getHtmlOfResourcePreviewTemplate(ServiceRegistry.java:175)
	at org.deri.grefine.reconcile.GRefineServiceManager.getHtmlOfResourcePreviewTemplate(GRefineServiceManager.java:149)
	at sun.reflect.NativeMethodAccessorImpl.invoke0(Native Method)
	at sun.reflect.NativeMethodAccessorImpl.invoke(NativeMethodAccessorImpl.java:62)
	at sun.reflect.DelegatingMethodAccessorImpl.invoke(DelegatingMethodAccessorImpl.java:43)
	at java.lang.reflect.Method.invoke(Method.java:498)
	at org.mozilla.javascript.MemberBox.invoke(MemberBox.java:161)
	at org.mozilla.javascript.NativeJavaMethod.call(NativeJavaMethod.java:247)
	at org.mozilla.javascript.optimizer.OptRuntime.call2(OptRuntime.java:76)
	at org.mozilla.javascript.gen.c6._c5(file:/home/citroen/FAIRifier/main/webapp/../../extensions/grefine-rdf-extension/module/MOD-INF/controller.js:218)
	at org.mozilla.javascript.gen.c6.call(file:/home/citroen/FAIRifier/main/webapp/../../extensions/grefine-rdf-extension/module/MOD-INF/controller.js)
	at org.mozilla.javascript.ContextFactory.doTopCall(ContextFactory.java:398)
	at org.mozilla.javascript.ScriptRuntime.doTopCall(ScriptRuntime.java:3065)
	at org.mozilla.javascript.gen.c6.call(file:/home/citroen/FAIRifier/main/webapp/../../extensions/grefine-rdf-extension/module/MOD-INF/controller.js)
	at edu.mit.simile.butterfly.ButterflyModuleImpl$Controller.process(ButterflyModuleImpl.java:399)
	at edu.mit.simile.butterfly.ButterflyModuleImpl$Controller.run(ButterflyModuleImpl.java:377)
	at org.mozilla.javascript.Context.call(Context.java:515)
	at org.mozilla.javascript.ContextFactory.call(ContextFactory.java:507)
	at edu.mit.simile.butterfly.ButterflyModuleImpl.processScript(ButterflyModuleImpl.java:650)
	at edu.mit.simile.butterfly.ButterflyModuleImpl.process(ButterflyModuleImpl.java:427)
	at edu.mit.simile.butterfly.Butterfly.service(Butterfly.java:516)
	at com.google.refine.RefineServlet.service(RefineServlet.java:200)
	at javax.servlet.http.HttpServlet.service(HttpServlet.java:820)
	at org.mortbay.jetty.servlet.ServletHolder.handle(ServletHolder.java:511)
	at org.mortbay.jetty.servlet.ServletHandler$CachedChain.doFilter(ServletHandler.java:1166)
	at org.mortbay.servlet.UserAgentFilter.doFilter(UserAgentFilter.java:81)
	at org.mortbay.servlet.GzipFilter.doFilter(GzipFilter.java:132)
	at org.mortbay.jetty.servlet.ServletHandler$CachedChain.doFilter(ServletHandler.java:1157)
	at org.mortbay.jetty.servlet.ServletHandler.handle(ServletHandler.java:388)
	at org.mortbay.jetty.security.SecurityHandler.handle(SecurityHandler.java:216)
	at org.mortbay.jetty.servlet.SessionHandler.handle(SessionHandler.java:182)
	at org.mortbay.jetty.handler.ContextHandler.handle(ContextHandler.java:765)
	at org.mortbay.jetty.webapp.WebAppContext.handle(WebAppContext.java:418)
	at org.mortbay.jetty.handler.HandlerWrapper.handle(HandlerWrapper.java:152)
	at org.mortbay.jetty.Server.handle(Server.java:326)
	at org.mortbay.jetty.HttpConnection.handleRequest(HttpConnection.java:542)
	at org.mortbay.jetty.HttpConnection$RequestHandler.headerComplete(HttpConnection.java:923)
	at org.mortbay.jetty.HttpParser.parseNext(HttpParser.java:547)
	at org.mortbay.jetty.HttpParser.parseAvailable(HttpParser.java:212)
	at org.mortbay.jetty.HttpConnection.handle(HttpConnection.java:404)
	at org.mortbay.jetty.bio.SocketConnector$Connection.run(SocketConnector.java:228)
	at java.util.concurrent.ThreadPoolExecutor.runWorker(ThreadPoolExecutor.java:1142)
	at java.util.concurrent.ThreadPoolExecutor$Worker.run(ThreadPoolExecutor.java:617)
	at java.lang.Thread.run(Thread.java:745)
Caused by: java.lang.ClassNotFoundException: org.apache.log.format.Formatter
	at java.net.URLClassLoader.findClass(URLClassLoader.java:381)
	at java.lang.ClassLoader.loadClass(ClassLoader.java:424)
	at sun.misc.Launcher$AppClassLoader.loadClass(Launcher.java:331)
	at java.lang.ClassLoader.loadClass(ClassLoader.java:357)
	at org.mortbay.jetty.webapp.WebAppClassLoader.loadClass(WebAppClassLoader.java:401)
	at org.mortbay.jetty.webapp.WebAppClassLoader.loadClass(WebAppClassLoader.java:363)
	... 53 more
2017-03-22 21:07:59,416 - Couldn't find class org.apache.velocity.runtime.log.AvalonLogChute or necessary supporting classes in classpath.
java.lang.NoClassDefFoundError: org/apache/log/format/Formatter
	at java.lang.Class.forName0(Native Method)
	at java.lang.Class.forName(Class.java:348)
	at org.apache.velocity.util.ClassUtils.getClass(ClassUtils.java:63)
	at org.apache.velocity.util.ClassUtils.getNewInstance(ClassUtils.java:95)
	at org.apache.velocity.runtime.log.LogManager.createLogChute(LogManager.java:147)
	at org.apache.velocity.runtime.log.LogManager.updateLog(LogManager.java:208)
	at org.apache.velocity.runtime.RuntimeInstance.initializeLog(RuntimeInstance.java:728)
	at org.apache.velocity.runtime.RuntimeInstance.init(RuntimeInstance.java:240)
	at org.apache.velocity.app.VelocityEngine.init(VelocityEngine.java:116)
	at org.deri.grefine.reconcile.ServiceRegistry.getHtmlOfResourcePreviewTemplate(ServiceRegistry.java:175)
	at org.deri.grefine.reconcile.GRefineServiceManager.getHtmlOfResourcePreviewTemplate(GRefineServiceManager.java:149)
	at sun.reflect.NativeMethodAccessorImpl.invoke0(Native Method)
	at sun.reflect.NativeMethodAccessorImpl.invoke(NativeMethodAccessorImpl.java:62)
	at sun.reflect.DelegatingMethodAccessorImpl.invoke(DelegatingMethodAccessorImpl.java:43)
	at java.lang.reflect.Method.invoke(Method.java:498)
	at org.mozilla.javascript.MemberBox.invoke(MemberBox.java:161)
	at org.mozilla.javascript.NativeJavaMethod.call(NativeJavaMethod.java:247)
	at org.mozilla.javascript.optimizer.OptRuntime.call2(OptRuntime.java:76)
	at org.mozilla.javascript.gen.c6._c5(file:/home/citroen/FAIRifier/main/webapp/../../extensions/grefine-rdf-extension/module/MOD-INF/controller.js:218)
	at org.mozilla.javascript.gen.c6.call(file:/home/citroen/FAIRifier/main/webapp/../../extensions/grefine-rdf-extension/module/MOD-INF/controller.js)
	at org.mozilla.javascript.ContextFactory.doTopCall(ContextFactory.java:398)
	at org.mozilla.javascript.ScriptRuntime.doTopCall(ScriptRuntime.java:3065)
	at org.mozilla.javascript.gen.c6.call(file:/home/citroen/FAIRifier/main/webapp/../../extensions/grefine-rdf-extension/module/MOD-INF/controller.js)
	at edu.mit.simile.butterfly.ButterflyModuleImpl$Controller.process(ButterflyModuleImpl.java:399)
	at edu.mit.simile.butterfly.ButterflyModuleImpl$Controller.run(ButterflyModuleImpl.java:377)
	at org.mozilla.javascript.Context.call(Context.java:515)
	at org.mozilla.javascript.ContextFactory.call(ContextFactory.java:507)
	at edu.mit.simile.butterfly.ButterflyModuleImpl.processScript(ButterflyModuleImpl.java:650)
	at edu.mit.simile.butterfly.ButterflyModuleImpl.process(ButterflyModuleImpl.java:427)
	at edu.mit.simile.butterfly.Butterfly.service(Butterfly.java:516)
	at com.google.refine.RefineServlet.service(RefineServlet.java:200)
	at javax.servlet.http.HttpServlet.service(HttpServlet.java:820)
	at org.mortbay.jetty.servlet.ServletHolder.handle(ServletHolder.java:511)
	at org.mortbay.jetty.servlet.ServletHandler$CachedChain.doFilter(ServletHandler.java:1166)
	at org.mortbay.servlet.UserAgentFilter.doFilter(UserAgentFilter.java:81)
	at org.mortbay.servlet.GzipFilter.doFilter(GzipFilter.java:132)
	at org.mortbay.jetty.servlet.ServletHandler$CachedChain.doFilter(ServletHandler.java:1157)
	at org.mortbay.jetty.servlet.ServletHandler.handle(ServletHandler.java:388)
	at org.mortbay.jetty.security.SecurityHandler.handle(SecurityHandler.java:216)
	at org.mortbay.jetty.servlet.SessionHandler.handle(SessionHandler.java:182)
	at org.mortbay.jetty.handler.ContextHandler.handle(ContextHandler.java:765)
	at org.mortbay.jetty.webapp.WebAppContext.handle(WebAppContext.java:418)
	at org.mortbay.jetty.handler.HandlerWrapper.handle(HandlerWrapper.java:152)
	at org.mortbay.jetty.Server.handle(Server.java:326)
	at org.mortbay.jetty.HttpConnection.handleRequest(HttpConnection.java:542)
	at org.mortbay.jetty.HttpConnection$RequestHandler.headerComplete(HttpConnection.java:923)
	at org.mortbay.jetty.HttpParser.parseNext(HttpParser.java:547)
	at org.mortbay.jetty.HttpParser.parseAvailable(HttpParser.java:212)
	at org.mortbay.jetty.HttpConnection.handle(HttpConnection.java:404)
	at org.mortbay.jetty.bio.SocketConnector$Connection.run(SocketConnector.java:228)
	at java.util.concurrent.ThreadPoolExecutor.runWorker(ThreadPoolExecutor.java:1142)
	at java.util.concurrent.ThreadPoolExecutor$Worker.run(ThreadPoolExecutor.java:617)
	at java.lang.Thread.run(Thread.java:745)
Caused by: java.lang.ClassNotFoundException: org.apache.log.format.Formatter
	at java.net.URLClassLoader.findClass(URLClassLoader.java:381)
	at java.lang.ClassLoader.loadClass(ClassLoader.java:424)
	at sun.misc.Launcher$AppClassLoader.loadClass(Launcher.java:331)
	at java.lang.ClassLoader.loadClass(ClassLoader.java:357)
	at org.mortbay.jetty.webapp.WebAppClassLoader.loadClass(WebAppClassLoader.java:401)
	at org.mortbay.jetty.webapp.WebAppClassLoader.loadClass(WebAppClassLoader.java:363)
	... 53 more
2017-03-22 21:07:59,416 - Trying to use logger class org.apache.velocity.runtime.log.Log4JLogChute
2017-03-22 21:07:59,416 - Trying to use logger class org.apache.velocity.runtime.log.Log4JLogChute
2017-03-22 21:07:59,416 - Using logger class org.apache.velocity.runtime.log.Log4JLogChute
2017-03-22 21:07:59,416 - Using logger class org.apache.velocity.runtime.log.Log4JLogChute
2017-03-22 21:07:59,416 - Default ResourceManager initializing. (class org.apache.velocity.runtime.resource.ResourceManagerImpl)
2017-03-22 21:07:59,416 - Default ResourceManager initializing. (class org.apache.velocity.runtime.resource.ResourceManagerImpl)
2017-03-22 21:07:59,416 - ResourceLoader instantiated: org.apache.velocity.runtime.resource.loader.FileResourceLoader
2017-03-22 21:07:59,416 - ResourceLoader instantiated: org.apache.velocity.runtime.resource.loader.FileResourceLoader
2017-03-22 21:07:59,416 - Do unicode file recognition:  false
2017-03-22 21:07:59,416 - Do unicode file recognition:  false
2017-03-22 21:07:59,416 - FileResourceLoader : adding path '.'
2017-03-22 21:07:59,416 - FileResourceLoader : adding path '.'
2017-03-22 21:07:59,416 - ResourceCache: initialized (class org.apache.velocity.runtime.resource.ResourceCacheImpl)
2017-03-22 21:07:59,416 - ResourceCache: initialized (class org.apache.velocity.runtime.resource.ResourceCacheImpl)
2017-03-22 21:07:59,417 - Loaded System Directive: org.apache.velocity.runtime.directive.Literal
2017-03-22 21:07:59,417 - Loaded System Directive: org.apache.velocity.runtime.directive.Literal
2017-03-22 21:07:59,417 - Loaded System Directive: org.apache.velocity.runtime.directive.Macro
2017-03-22 21:07:59,417 - Loaded System Directive: org.apache.velocity.runtime.directive.Macro
2017-03-22 21:07:59,417 - Loaded System Directive: org.apache.velocity.runtime.directive.Parse
2017-03-22 21:07:59,417 - Loaded System Directive: org.apache.velocity.runtime.directive.Parse
2017-03-22 21:07:59,417 - Loaded System Directive: org.apache.velocity.runtime.directive.Include
2017-03-22 21:07:59,417 - Loaded System Directive: org.apache.velocity.runtime.directive.Include
2017-03-22 21:07:59,417 - Loaded System Directive: org.apache.velocity.runtime.directive.Foreach
2017-03-22 21:07:59,417 - Loaded System Directive: org.apache.velocity.runtime.directive.Foreach
2017-03-22 21:07:59,417 - Created '20' parsers.
2017-03-22 21:07:59,417 - Created '20' parsers.
2017-03-22 21:07:59,417 - Velocimacro : "velocimacro.library" is not set.  Trying default library: VM_global_library.vm
2017-03-22 21:07:59,417 - Velocimacro : "velocimacro.library" is not set.  Trying default library: VM_global_library.vm
2017-03-22 21:07:59,417 - Velocimacro : Default library not found.
2017-03-22 21:07:59,417 - Velocimacro : Default library not found.
2017-03-22 21:07:59,417 - Velocimacro : allowInline = true : VMs can be defined inline in templates
2017-03-22 21:07:59,417 - Velocimacro : allowInline = true : VMs can be defined inline in templates
2017-03-22 21:07:59,417 - Velocimacro : allowInlineToOverride = false : VMs defined inline may NOT replace previous VM definitions
2017-03-22 21:07:59,417 - Velocimacro : allowInlineToOverride = false : VMs defined inline may NOT replace previous VM definitions
2017-03-22 21:07:59,417 - Velocimacro : allowInlineLocal = false : VMs defined inline will be global in scope if allowed.
2017-03-22 21:07:59,417 - Velocimacro : allowInlineLocal = false : VMs defined inline will be global in scope if allowed.
2017-03-22 21:07:59,417 - Velocimacro : autoload off : VM system will not automatically reload global library macros
2017-03-22 21:07:59,417 - Velocimacro : autoload off : VM system will not automatically reload global library macros
2017-03-23 10:48:47,527 - Log4JLogChute initialized using file 'velocity.log'
2017-03-23 10:48:47,761 - Starting Apache Velocity v1.5 (compiled: 2007-02-22 08:52:29)
2017-03-23 10:48:47,761 - Default Properties File: org/apache/velocity/runtime/defaults/velocity.properties
2017-03-23 10:48:47,761 - Trying to use logger class org.apache.velocity.runtime.log.AvalonLogChute
2017-03-23 10:48:47,761 - Couldn't find class org.apache.velocity.runtime.log.AvalonLogChute or necessary supporting classes in classpath.
java.lang.NoClassDefFoundError: org/apache/log/format/Formatter
	at java.lang.Class.forName0(Native Method)
	at java.lang.Class.forName(Class.java:348)
	at org.apache.velocity.util.ClassUtils.getClass(ClassUtils.java:63)
	at org.apache.velocity.util.ClassUtils.getNewInstance(ClassUtils.java:95)
	at org.apache.velocity.runtime.log.LogManager.createLogChute(LogManager.java:147)
	at org.apache.velocity.runtime.log.LogManager.updateLog(LogManager.java:208)
	at org.apache.velocity.runtime.RuntimeInstance.initializeLog(RuntimeInstance.java:728)
	at org.apache.velocity.runtime.RuntimeInstance.init(RuntimeInstance.java:240)
	at org.apache.velocity.app.VelocityEngine.init(VelocityEngine.java:116)
	at org.deri.grefine.reconcile.ServiceRegistry.getHtmlOfResourcePreviewTemplate(ServiceRegistry.java:175)
	at org.deri.grefine.reconcile.GRefineServiceManager.getHtmlOfResourcePreviewTemplate(GRefineServiceManager.java:149)
	at sun.reflect.NativeMethodAccessorImpl.invoke0(Native Method)
	at sun.reflect.NativeMethodAccessorImpl.invoke(NativeMethodAccessorImpl.java:62)
	at sun.reflect.DelegatingMethodAccessorImpl.invoke(DelegatingMethodAccessorImpl.java:43)
	at java.lang.reflect.Method.invoke(Method.java:498)
	at org.mozilla.javascript.MemberBox.invoke(MemberBox.java:161)
	at org.mozilla.javascript.NativeJavaMethod.call(NativeJavaMethod.java:247)
	at org.mozilla.javascript.optimizer.OptRuntime.call2(OptRuntime.java:76)
	at org.mozilla.javascript.gen.c6._c5(file:/home/citroen/FAIRifier/main/webapp/../../extensions/grefine-rdf-extension/module/MOD-INF/controller.js:218)
	at org.mozilla.javascript.gen.c6.call(file:/home/citroen/FAIRifier/main/webapp/../../extensions/grefine-rdf-extension/module/MOD-INF/controller.js)
	at org.mozilla.javascript.ContextFactory.doTopCall(ContextFactory.java:398)
	at org.mozilla.javascript.ScriptRuntime.doTopCall(ScriptRuntime.java:3065)
	at org.mozilla.javascript.gen.c6.call(file:/home/citroen/FAIRifier/main/webapp/../../extensions/grefine-rdf-extension/module/MOD-INF/controller.js)
	at edu.mit.simile.butterfly.ButterflyModuleImpl$Controller.process(ButterflyModuleImpl.java:399)
	at edu.mit.simile.butterfly.ButterflyModuleImpl$Controller.run(ButterflyModuleImpl.java:377)
	at org.mozilla.javascript.Context.call(Context.java:515)
	at org.mozilla.javascript.ContextFactory.call(ContextFactory.java:507)
	at edu.mit.simile.butterfly.ButterflyModuleImpl.processScript(ButterflyModuleImpl.java:650)
	at edu.mit.simile.butterfly.ButterflyModuleImpl.process(ButterflyModuleImpl.java:427)
	at edu.mit.simile.butterfly.Butterfly.service(Butterfly.java:516)
	at com.google.refine.RefineServlet.service(RefineServlet.java:200)
	at javax.servlet.http.HttpServlet.service(HttpServlet.java:820)
	at org.mortbay.jetty.servlet.ServletHolder.handle(ServletHolder.java:511)
	at org.mortbay.jetty.servlet.ServletHandler$CachedChain.doFilter(ServletHandler.java:1166)
	at org.mortbay.servlet.UserAgentFilter.doFilter(UserAgentFilter.java:81)
	at org.mortbay.servlet.GzipFilter.doFilter(GzipFilter.java:132)
	at org.mortbay.jetty.servlet.ServletHandler$CachedChain.doFilter(ServletHandler.java:1157)
	at org.mortbay.jetty.servlet.ServletHandler.handle(ServletHandler.java:388)
	at org.mortbay.jetty.security.SecurityHandler.handle(SecurityHandler.java:216)
	at org.mortbay.jetty.servlet.SessionHandler.handle(SessionHandler.java:182)
	at org.mortbay.jetty.handler.ContextHandler.handle(ContextHandler.java:765)
	at org.mortbay.jetty.webapp.WebAppContext.handle(WebAppContext.java:418)
	at org.mortbay.jetty.handler.HandlerWrapper.handle(HandlerWrapper.java:152)
	at org.mortbay.jetty.Server.handle(Server.java:326)
	at org.mortbay.jetty.HttpConnection.handleRequest(HttpConnection.java:542)
	at org.mortbay.jetty.HttpConnection$RequestHandler.headerComplete(HttpConnection.java:923)
	at org.mortbay.jetty.HttpParser.parseNext(HttpParser.java:547)
	at org.mortbay.jetty.HttpParser.parseAvailable(HttpParser.java:212)
	at org.mortbay.jetty.HttpConnection.handle(HttpConnection.java:404)
	at org.mortbay.jetty.bio.SocketConnector$Connection.run(SocketConnector.java:228)
	at java.util.concurrent.ThreadPoolExecutor.runWorker(ThreadPoolExecutor.java:1142)
	at java.util.concurrent.ThreadPoolExecutor$Worker.run(ThreadPoolExecutor.java:617)
	at java.lang.Thread.run(Thread.java:745)
Caused by: java.lang.ClassNotFoundException: org.apache.log.format.Formatter
	at java.net.URLClassLoader.findClass(URLClassLoader.java:381)
	at java.lang.ClassLoader.loadClass(ClassLoader.java:424)
	at sun.misc.Launcher$AppClassLoader.loadClass(Launcher.java:331)
	at java.lang.ClassLoader.loadClass(ClassLoader.java:357)
	at org.mortbay.jetty.webapp.WebAppClassLoader.loadClass(WebAppClassLoader.java:401)
	at org.mortbay.jetty.webapp.WebAppClassLoader.loadClass(WebAppClassLoader.java:363)
	... 53 more
2017-03-23 10:48:47,762 - Trying to use logger class org.apache.velocity.runtime.log.Log4JLogChute
2017-03-23 10:48:47,762 - Using logger class org.apache.velocity.runtime.log.Log4JLogChute
2017-03-23 10:48:47,762 - Default ResourceManager initializing. (class org.apache.velocity.runtime.resource.ResourceManagerImpl)
2017-03-23 10:48:47,762 - ResourceLoader instantiated: org.apache.velocity.runtime.resource.loader.FileResourceLoader
2017-03-23 10:48:47,762 - Do unicode file recognition:  false
2017-03-23 10:48:47,762 - FileResourceLoader : adding path '.'
2017-03-23 10:48:47,762 - ResourceCache: initialized (class org.apache.velocity.runtime.resource.ResourceCacheImpl)
2017-03-23 10:48:47,762 - Loaded System Directive: org.apache.velocity.runtime.directive.Literal
2017-03-23 10:48:47,762 - Loaded System Directive: org.apache.velocity.runtime.directive.Macro
2017-03-23 10:48:47,762 - Loaded System Directive: org.apache.velocity.runtime.directive.Parse
2017-03-23 10:48:47,762 - Loaded System Directive: org.apache.velocity.runtime.directive.Include
2017-03-23 10:48:47,762 - Loaded System Directive: org.apache.velocity.runtime.directive.Foreach
2017-03-23 10:48:47,763 - Created '20' parsers.
2017-03-23 10:48:47,763 - Velocimacro : "velocimacro.library" is not set.  Trying default library: VM_global_library.vm
2017-03-23 10:48:47,764 - Velocimacro : Default library not found.
2017-03-23 10:48:47,764 - Velocimacro : allowInline = true : VMs can be defined inline in templates
2017-03-23 10:48:47,764 - Velocimacro : allowInlineToOverride = false : VMs defined inline may NOT replace previous VM definitions
2017-03-23 10:48:47,764 - Velocimacro : allowInlineLocal = false : VMs defined inline will be global in scope if allowed.
2017-03-23 10:48:47,764 - Velocimacro : autoload off : VM system will not automatically reload global library macros
2017-03-23 10:53:44,818 - Log4JLogChute initialized using file 'velocity.log'
2017-03-23 10:53:44,818 - Starting Apache Velocity v1.5 (compiled: 2007-02-22 08:52:29)
2017-03-23 10:53:44,818 - Default Properties File: org/apache/velocity/runtime/defaults/velocity.properties
2017-03-23 10:53:44,818 - Trying to use logger class org.apache.velocity.runtime.log.AvalonLogChute
2017-03-23 10:53:44,818 - Couldn't find class org.apache.velocity.runtime.log.AvalonLogChute or necessary supporting classes in classpath.
java.lang.NoClassDefFoundError: org/apache/log/format/Formatter
	at java.lang.Class.forName0(Native Method)
	at java.lang.Class.forName(Class.java:348)
	at org.apache.velocity.util.ClassUtils.getClass(ClassUtils.java:63)
	at org.apache.velocity.util.ClassUtils.getNewInstance(ClassUtils.java:95)
	at org.apache.velocity.runtime.log.LogManager.createLogChute(LogManager.java:147)
	at org.apache.velocity.runtime.log.LogManager.updateLog(LogManager.java:208)
	at org.apache.velocity.runtime.RuntimeInstance.initializeLog(RuntimeInstance.java:728)
	at org.apache.velocity.runtime.RuntimeInstance.init(RuntimeInstance.java:240)
	at org.apache.velocity.app.VelocityEngine.init(VelocityEngine.java:116)
	at org.deri.grefine.reconcile.ServiceRegistry.getHtmlOfResourcePreviewTemplate(ServiceRegistry.java:175)
	at org.deri.grefine.reconcile.GRefineServiceManager.getHtmlOfResourcePreviewTemplate(GRefineServiceManager.java:149)
	at sun.reflect.NativeMethodAccessorImpl.invoke0(Native Method)
	at sun.reflect.NativeMethodAccessorImpl.invoke(NativeMethodAccessorImpl.java:62)
	at sun.reflect.DelegatingMethodAccessorImpl.invoke(DelegatingMethodAccessorImpl.java:43)
	at java.lang.reflect.Method.invoke(Method.java:498)
	at org.mozilla.javascript.MemberBox.invoke(MemberBox.java:161)
	at org.mozilla.javascript.NativeJavaMethod.call(NativeJavaMethod.java:247)
	at org.mozilla.javascript.optimizer.OptRuntime.call2(OptRuntime.java:76)
	at org.mozilla.javascript.gen.c6._c5(file:/home/citroen/FAIRifier/main/webapp/../../extensions/grefine-rdf-extension/module/MOD-INF/controller.js:218)
	at org.mozilla.javascript.gen.c6.call(file:/home/citroen/FAIRifier/main/webapp/../../extensions/grefine-rdf-extension/module/MOD-INF/controller.js)
	at org.mozilla.javascript.ContextFactory.doTopCall(ContextFactory.java:398)
	at org.mozilla.javascript.ScriptRuntime.doTopCall(ScriptRuntime.java:3065)
	at org.mozilla.javascript.gen.c6.call(file:/home/citroen/FAIRifier/main/webapp/../../extensions/grefine-rdf-extension/module/MOD-INF/controller.js)
	at edu.mit.simile.butterfly.ButterflyModuleImpl$Controller.process(ButterflyModuleImpl.java:399)
	at edu.mit.simile.butterfly.ButterflyModuleImpl$Controller.run(ButterflyModuleImpl.java:377)
	at org.mozilla.javascript.Context.call(Context.java:515)
	at org.mozilla.javascript.ContextFactory.call(ContextFactory.java:507)
	at edu.mit.simile.butterfly.ButterflyModuleImpl.processScript(ButterflyModuleImpl.java:650)
	at edu.mit.simile.butterfly.ButterflyModuleImpl.process(ButterflyModuleImpl.java:427)
	at edu.mit.simile.butterfly.Butterfly.service(Butterfly.java:516)
	at com.google.refine.RefineServlet.service(RefineServlet.java:200)
	at javax.servlet.http.HttpServlet.service(HttpServlet.java:820)
	at org.mortbay.jetty.servlet.ServletHolder.handle(ServletHolder.java:511)
	at org.mortbay.jetty.servlet.ServletHandler$CachedChain.doFilter(ServletHandler.java:1166)
	at org.mortbay.servlet.UserAgentFilter.doFilter(UserAgentFilter.java:81)
	at org.mortbay.servlet.GzipFilter.doFilter(GzipFilter.java:132)
	at org.mortbay.jetty.servlet.ServletHandler$CachedChain.doFilter(ServletHandler.java:1157)
	at org.mortbay.jetty.servlet.ServletHandler.handle(ServletHandler.java:388)
	at org.mortbay.jetty.security.SecurityHandler.handle(SecurityHandler.java:216)
	at org.mortbay.jetty.servlet.SessionHandler.handle(SessionHandler.java:182)
	at org.mortbay.jetty.handler.ContextHandler.handle(ContextHandler.java:765)
	at org.mortbay.jetty.webapp.WebAppContext.handle(WebAppContext.java:418)
	at org.mortbay.jetty.handler.HandlerWrapper.handle(HandlerWrapper.java:152)
	at org.mortbay.jetty.Server.handle(Server.java:326)
	at org.mortbay.jetty.HttpConnection.handleRequest(HttpConnection.java:542)
	at org.mortbay.jetty.HttpConnection$RequestHandler.headerComplete(HttpConnection.java:923)
	at org.mortbay.jetty.HttpParser.parseNext(HttpParser.java:547)
	at org.mortbay.jetty.HttpParser.parseAvailable(HttpParser.java:212)
	at org.mortbay.jetty.HttpConnection.handle(HttpConnection.java:404)
	at org.mortbay.jetty.bio.SocketConnector$Connection.run(SocketConnector.java:228)
	at java.util.concurrent.ThreadPoolExecutor.runWorker(ThreadPoolExecutor.java:1142)
	at java.util.concurrent.ThreadPoolExecutor$Worker.run(ThreadPoolExecutor.java:617)
	at java.lang.Thread.run(Thread.java:745)
Caused by: java.lang.ClassNotFoundException: org.apache.log.format.Formatter
	at java.net.URLClassLoader.findClass(URLClassLoader.java:381)
	at java.lang.ClassLoader.loadClass(ClassLoader.java:424)
	at sun.misc.Launcher$AppClassLoader.loadClass(Launcher.java:331)
	at java.lang.ClassLoader.loadClass(ClassLoader.java:357)
	at org.mortbay.jetty.webapp.WebAppClassLoader.loadClass(WebAppClassLoader.java:401)
	at org.mortbay.jetty.webapp.WebAppClassLoader.loadClass(WebAppClassLoader.java:363)
	... 53 more
2017-03-23 10:53:44,818 - Trying to use logger class org.apache.velocity.runtime.log.Log4JLogChute
2017-03-23 10:53:44,818 - Using logger class org.apache.velocity.runtime.log.Log4JLogChute
2017-03-23 10:53:44,818 - Default ResourceManager initializing. (class org.apache.velocity.runtime.resource.ResourceManagerImpl)
2017-03-23 10:53:44,818 - ResourceLoader instantiated: org.apache.velocity.runtime.resource.loader.FileResourceLoader
2017-03-23 10:53:44,818 - Do unicode file recognition:  false
2017-03-23 10:53:44,818 - FileResourceLoader : adding path '.'
2017-03-23 10:53:44,818 - ResourceCache: initialized (class org.apache.velocity.runtime.resource.ResourceCacheImpl)
2017-03-23 10:53:44,818 - Loaded System Directive: org.apache.velocity.runtime.directive.Literal
2017-03-23 10:53:44,818 - Loaded System Directive: org.apache.velocity.runtime.directive.Macro
2017-03-23 10:53:44,818 - Loaded System Directive: org.apache.velocity.runtime.directive.Parse
2017-03-23 10:53:44,818 - Loaded System Directive: org.apache.velocity.runtime.directive.Include
2017-03-23 10:53:44,818 - Loaded System Directive: org.apache.velocity.runtime.directive.Foreach
2017-03-23 10:53:44,819 - Created '20' parsers.
2017-03-23 10:53:44,819 - Velocimacro : "velocimacro.library" is not set.  Trying default library: VM_global_library.vm
2017-03-23 10:53:44,819 - Velocimacro : Default library not found.
2017-03-23 10:53:44,819 - Velocimacro : allowInline = true : VMs can be defined inline in templates
2017-03-23 10:53:44,819 - Velocimacro : allowInlineToOverride = false : VMs defined inline may NOT replace previous VM definitions
2017-03-23 10:53:44,819 - Velocimacro : allowInlineLocal = false : VMs defined inline will be global in scope if allowed.
2017-03-23 10:53:44,819 - Velocimacro : autoload off : VM system will not automatically reload global library macros
2017-04-21 10:11:11,684 - Log4JLogChute initialized using file 'velocity.log'
2017-04-21 10:11:11,697 - Starting Apache Velocity v1.5 (compiled: 2007-02-22 08:52:29)
2017-04-21 10:11:11,697 - Default Properties File: org/apache/velocity/runtime/defaults/velocity.properties
2017-04-21 10:11:11,697 - Trying to use logger class org.apache.velocity.runtime.log.AvalonLogChute
2017-04-21 10:11:11,697 - Couldn't find class org.apache.velocity.runtime.log.AvalonLogChute or necessary supporting classes in classpath.
java.lang.NoClassDefFoundError: org/apache/log/format/Formatter
	at java.lang.Class.forName0(Native Method)
	at java.lang.Class.forName(Class.java:348)
	at org.apache.velocity.util.ClassUtils.getClass(ClassUtils.java:63)
	at org.apache.velocity.util.ClassUtils.getNewInstance(ClassUtils.java:95)
	at org.apache.velocity.runtime.log.LogManager.createLogChute(LogManager.java:147)
	at org.apache.velocity.runtime.log.LogManager.updateLog(LogManager.java:208)
	at org.apache.velocity.runtime.RuntimeInstance.initializeLog(RuntimeInstance.java:728)
	at org.apache.velocity.runtime.RuntimeInstance.init(RuntimeInstance.java:240)
	at org.apache.velocity.app.VelocityEngine.init(VelocityEngine.java:116)
	at org.deri.grefine.reconcile.ServiceRegistry.getHtmlOfResourcePreviewTemplate(ServiceRegistry.java:175)
	at org.deri.grefine.reconcile.GRefineServiceManager.getHtmlOfResourcePreviewTemplate(GRefineServiceManager.java:149)
	at sun.reflect.NativeMethodAccessorImpl.invoke0(Native Method)
	at sun.reflect.NativeMethodAccessorImpl.invoke(NativeMethodAccessorImpl.java:62)
	at sun.reflect.DelegatingMethodAccessorImpl.invoke(DelegatingMethodAccessorImpl.java:43)
	at java.lang.reflect.Method.invoke(Method.java:498)
	at org.mozilla.javascript.MemberBox.invoke(MemberBox.java:161)
	at org.mozilla.javascript.NativeJavaMethod.call(NativeJavaMethod.java:247)
	at org.mozilla.javascript.optimizer.OptRuntime.call2(OptRuntime.java:76)
	at org.mozilla.javascript.gen.c6._c5(file:/home/citroen/FAIRifier/main/webapp/../../extensions/grefine-rdf-extension/module/MOD-INF/controller.js:238)
	at org.mozilla.javascript.gen.c6.call(file:/home/citroen/FAIRifier/main/webapp/../../extensions/grefine-rdf-extension/module/MOD-INF/controller.js)
	at org.mozilla.javascript.ContextFactory.doTopCall(ContextFactory.java:398)
	at org.mozilla.javascript.ScriptRuntime.doTopCall(ScriptRuntime.java:3065)
	at org.mozilla.javascript.gen.c6.call(file:/home/citroen/FAIRifier/main/webapp/../../extensions/grefine-rdf-extension/module/MOD-INF/controller.js)
	at edu.mit.simile.butterfly.ButterflyModuleImpl$Controller.process(ButterflyModuleImpl.java:399)
	at edu.mit.simile.butterfly.ButterflyModuleImpl$Controller.run(ButterflyModuleImpl.java:377)
	at org.mozilla.javascript.Context.call(Context.java:515)
	at org.mozilla.javascript.ContextFactory.call(ContextFactory.java:507)
	at edu.mit.simile.butterfly.ButterflyModuleImpl.processScript(ButterflyModuleImpl.java:650)
	at edu.mit.simile.butterfly.ButterflyModuleImpl.process(ButterflyModuleImpl.java:427)
	at edu.mit.simile.butterfly.Butterfly.service(Butterfly.java:516)
	at com.google.refine.RefineServlet.service(RefineServlet.java:200)
	at javax.servlet.http.HttpServlet.service(HttpServlet.java:820)
	at org.mortbay.jetty.servlet.ServletHolder.handle(ServletHolder.java:511)
	at org.mortbay.jetty.servlet.ServletHandler$CachedChain.doFilter(ServletHandler.java:1166)
	at org.mortbay.servlet.UserAgentFilter.doFilter(UserAgentFilter.java:81)
	at org.mortbay.servlet.GzipFilter.doFilter(GzipFilter.java:132)
	at org.mortbay.jetty.servlet.ServletHandler$CachedChain.doFilter(ServletHandler.java:1157)
	at org.mortbay.jetty.servlet.ServletHandler.handle(ServletHandler.java:388)
	at org.mortbay.jetty.security.SecurityHandler.handle(SecurityHandler.java:216)
	at org.mortbay.jetty.servlet.SessionHandler.handle(SessionHandler.java:182)
	at org.mortbay.jetty.handler.ContextHandler.handle(ContextHandler.java:765)
	at org.mortbay.jetty.webapp.WebAppContext.handle(WebAppContext.java:418)
	at org.mortbay.jetty.handler.HandlerWrapper.handle(HandlerWrapper.java:152)
	at org.mortbay.jetty.Server.handle(Server.java:326)
	at org.mortbay.jetty.HttpConnection.handleRequest(HttpConnection.java:542)
	at org.mortbay.jetty.HttpConnection$RequestHandler.headerComplete(HttpConnection.java:923)
	at org.mortbay.jetty.HttpParser.parseNext(HttpParser.java:547)
	at org.mortbay.jetty.HttpParser.parseAvailable(HttpParser.java:212)
	at org.mortbay.jetty.HttpConnection.handle(HttpConnection.java:404)
	at org.mortbay.jetty.bio.SocketConnector$Connection.run(SocketConnector.java:228)
	at java.util.concurrent.ThreadPoolExecutor.runWorker(ThreadPoolExecutor.java:1142)
	at java.util.concurrent.ThreadPoolExecutor$Worker.run(ThreadPoolExecutor.java:617)
	at java.lang.Thread.run(Thread.java:745)
Caused by: java.lang.ClassNotFoundException: org.apache.log.format.Formatter
	at java.net.URLClassLoader.findClass(URLClassLoader.java:381)
	at java.lang.ClassLoader.loadClass(ClassLoader.java:424)
	at sun.misc.Launcher$AppClassLoader.loadClass(Launcher.java:331)
	at java.lang.ClassLoader.loadClass(ClassLoader.java:357)
	at org.mortbay.jetty.webapp.WebAppClassLoader.loadClass(WebAppClassLoader.java:401)
	at org.mortbay.jetty.webapp.WebAppClassLoader.loadClass(WebAppClassLoader.java:363)
	... 53 more
2017-04-21 10:11:11,698 - Trying to use logger class org.apache.velocity.runtime.log.Log4JLogChute
2017-04-21 10:11:11,698 - Using logger class org.apache.velocity.runtime.log.Log4JLogChute
2017-04-21 10:11:11,698 - Default ResourceManager initializing. (class org.apache.velocity.runtime.resource.ResourceManagerImpl)
2017-04-21 10:11:11,698 - ResourceLoader instantiated: org.apache.velocity.runtime.resource.loader.FileResourceLoader
2017-04-21 10:11:11,698 - Do unicode file recognition:  false
2017-04-21 10:11:11,698 - FileResourceLoader : adding path '.'
2017-04-21 10:11:11,698 - ResourceCache: initialized (class org.apache.velocity.runtime.resource.ResourceCacheImpl)
2017-04-21 10:11:11,698 - Loaded System Directive: org.apache.velocity.runtime.directive.Literal
2017-04-21 10:11:11,698 - Loaded System Directive: org.apache.velocity.runtime.directive.Macro
2017-04-21 10:11:11,698 - Loaded System Directive: org.apache.velocity.runtime.directive.Parse
2017-04-21 10:11:11,698 - Loaded System Directive: org.apache.velocity.runtime.directive.Include
2017-04-21 10:11:11,698 - Loaded System Directive: org.apache.velocity.runtime.directive.Foreach
2017-04-21 10:11:11,699 - Created '20' parsers.
2017-04-21 10:11:11,699 - Velocimacro : "velocimacro.library" is not set.  Trying default library: VM_global_library.vm
2017-04-21 10:11:11,700 - Velocimacro : Default library not found.
2017-04-21 10:11:11,700 - Velocimacro : allowInline = true : VMs can be defined inline in templates
2017-04-21 10:11:11,700 - Velocimacro : allowInlineToOverride = false : VMs defined inline may NOT replace previous VM definitions
2017-04-21 10:11:11,700 - Velocimacro : allowInlineLocal = false : VMs defined inline will be global in scope if allowed.
2017-04-21 10:11:11,700 - Velocimacro : autoload off : VM system will not automatically reload global library macros
2017-04-21 10:14:10,415 - Log4JLogChute initialized using file 'velocity.log'
2017-04-21 10:14:10,415 - Starting Apache Velocity v1.5 (compiled: 2007-02-22 08:52:29)
2017-04-21 10:14:10,415 - Default Properties File: org/apache/velocity/runtime/defaults/velocity.properties
2017-04-21 10:14:10,415 - Trying to use logger class org.apache.velocity.runtime.log.AvalonLogChute
2017-04-21 10:14:10,415 - Couldn't find class org.apache.velocity.runtime.log.AvalonLogChute or necessary supporting classes in classpath.
java.lang.NoClassDefFoundError: org/apache/log/format/Formatter
	at java.lang.Class.forName0(Native Method)
	at java.lang.Class.forName(Class.java:348)
	at org.apache.velocity.util.ClassUtils.getClass(ClassUtils.java:63)
	at org.apache.velocity.util.ClassUtils.getNewInstance(ClassUtils.java:95)
	at org.apache.velocity.runtime.log.LogManager.createLogChute(LogManager.java:147)
	at org.apache.velocity.runtime.log.LogManager.updateLog(LogManager.java:208)
	at org.apache.velocity.runtime.RuntimeInstance.initializeLog(RuntimeInstance.java:728)
	at org.apache.velocity.runtime.RuntimeInstance.init(RuntimeInstance.java:240)
	at org.apache.velocity.app.VelocityEngine.init(VelocityEngine.java:116)
	at org.deri.grefine.reconcile.ServiceRegistry.getHtmlOfResourcePreviewTemplate(ServiceRegistry.java:175)
	at org.deri.grefine.reconcile.GRefineServiceManager.getHtmlOfResourcePreviewTemplate(GRefineServiceManager.java:149)
	at sun.reflect.NativeMethodAccessorImpl.invoke0(Native Method)
	at sun.reflect.NativeMethodAccessorImpl.invoke(NativeMethodAccessorImpl.java:62)
	at sun.reflect.DelegatingMethodAccessorImpl.invoke(DelegatingMethodAccessorImpl.java:43)
	at java.lang.reflect.Method.invoke(Method.java:498)
	at org.mozilla.javascript.MemberBox.invoke(MemberBox.java:161)
	at org.mozilla.javascript.NativeJavaMethod.call(NativeJavaMethod.java:247)
	at org.mozilla.javascript.optimizer.OptRuntime.call2(OptRuntime.java:76)
	at org.mozilla.javascript.gen.c6._c5(file:/home/citroen/FAIRifier/main/webapp/../../extensions/grefine-rdf-extension/module/MOD-INF/controller.js:238)
	at org.mozilla.javascript.gen.c6.call(file:/home/citroen/FAIRifier/main/webapp/../../extensions/grefine-rdf-extension/module/MOD-INF/controller.js)
	at org.mozilla.javascript.ContextFactory.doTopCall(ContextFactory.java:398)
	at org.mozilla.javascript.ScriptRuntime.doTopCall(ScriptRuntime.java:3065)
	at org.mozilla.javascript.gen.c6.call(file:/home/citroen/FAIRifier/main/webapp/../../extensions/grefine-rdf-extension/module/MOD-INF/controller.js)
	at edu.mit.simile.butterfly.ButterflyModuleImpl$Controller.process(ButterflyModuleImpl.java:399)
	at edu.mit.simile.butterfly.ButterflyModuleImpl$Controller.run(ButterflyModuleImpl.java:377)
	at org.mozilla.javascript.Context.call(Context.java:515)
	at org.mozilla.javascript.ContextFactory.call(ContextFactory.java:507)
	at edu.mit.simile.butterfly.ButterflyModuleImpl.processScript(ButterflyModuleImpl.java:650)
	at edu.mit.simile.butterfly.ButterflyModuleImpl.process(ButterflyModuleImpl.java:427)
	at edu.mit.simile.butterfly.Butterfly.service(Butterfly.java:516)
	at com.google.refine.RefineServlet.service(RefineServlet.java:200)
	at javax.servlet.http.HttpServlet.service(HttpServlet.java:820)
	at org.mortbay.jetty.servlet.ServletHolder.handle(ServletHolder.java:511)
	at org.mortbay.jetty.servlet.ServletHandler$CachedChain.doFilter(ServletHandler.java:1166)
	at org.mortbay.servlet.UserAgentFilter.doFilter(UserAgentFilter.java:81)
	at org.mortbay.servlet.GzipFilter.doFilter(GzipFilter.java:132)
	at org.mortbay.jetty.servlet.ServletHandler$CachedChain.doFilter(ServletHandler.java:1157)
	at org.mortbay.jetty.servlet.ServletHandler.handle(ServletHandler.java:388)
	at org.mortbay.jetty.security.SecurityHandler.handle(SecurityHandler.java:216)
	at org.mortbay.jetty.servlet.SessionHandler.handle(SessionHandler.java:182)
	at org.mortbay.jetty.handler.ContextHandler.handle(ContextHandler.java:765)
	at org.mortbay.jetty.webapp.WebAppContext.handle(WebAppContext.java:418)
	at org.mortbay.jetty.handler.HandlerWrapper.handle(HandlerWrapper.java:152)
	at org.mortbay.jetty.Server.handle(Server.java:326)
	at org.mortbay.jetty.HttpConnection.handleRequest(HttpConnection.java:542)
	at org.mortbay.jetty.HttpConnection$RequestHandler.headerComplete(HttpConnection.java:923)
	at org.mortbay.jetty.HttpParser.parseNext(HttpParser.java:547)
	at org.mortbay.jetty.HttpParser.parseAvailable(HttpParser.java:212)
	at org.mortbay.jetty.HttpConnection.handle(HttpConnection.java:404)
	at org.mortbay.jetty.bio.SocketConnector$Connection.run(SocketConnector.java:228)
	at java.util.concurrent.ThreadPoolExecutor.runWorker(ThreadPoolExecutor.java:1142)
	at java.util.concurrent.ThreadPoolExecutor$Worker.run(ThreadPoolExecutor.java:617)
	at java.lang.Thread.run(Thread.java:745)
Caused by: java.lang.ClassNotFoundException: org.apache.log.format.Formatter
	at java.net.URLClassLoader.findClass(URLClassLoader.java:381)
	at java.lang.ClassLoader.loadClass(ClassLoader.java:424)
	at sun.misc.Launcher$AppClassLoader.loadClass(Launcher.java:331)
	at java.lang.ClassLoader.loadClass(ClassLoader.java:357)
	at org.mortbay.jetty.webapp.WebAppClassLoader.loadClass(WebAppClassLoader.java:401)
	at org.mortbay.jetty.webapp.WebAppClassLoader.loadClass(WebAppClassLoader.java:363)
	... 53 more
2017-04-21 10:14:10,416 - Trying to use logger class org.apache.velocity.runtime.log.Log4JLogChute
2017-04-21 10:14:10,416 - Using logger class org.apache.velocity.runtime.log.Log4JLogChute
2017-04-21 10:14:10,416 - Default ResourceManager initializing. (class org.apache.velocity.runtime.resource.ResourceManagerImpl)
2017-04-21 10:14:10,416 - ResourceLoader instantiated: org.apache.velocity.runtime.resource.loader.FileResourceLoader
2017-04-21 10:14:10,416 - Do unicode file recognition:  false
2017-04-21 10:14:10,416 - FileResourceLoader : adding path '.'
2017-04-21 10:14:10,416 - ResourceCache: initialized (class org.apache.velocity.runtime.resource.ResourceCacheImpl)
2017-04-21 10:14:10,416 - Loaded System Directive: org.apache.velocity.runtime.directive.Literal
2017-04-21 10:14:10,416 - Loaded System Directive: org.apache.velocity.runtime.directive.Macro
2017-04-21 10:14:10,416 - Loaded System Directive: org.apache.velocity.runtime.directive.Parse
2017-04-21 10:14:10,416 - Loaded System Directive: org.apache.velocity.runtime.directive.Include
2017-04-21 10:14:10,416 - Loaded System Directive: org.apache.velocity.runtime.directive.Foreach
2017-04-21 10:14:10,417 - Created '20' parsers.
2017-04-21 10:14:10,417 - Velocimacro : "velocimacro.library" is not set.  Trying default library: VM_global_library.vm
2017-04-21 10:14:10,417 - Velocimacro : Default library not found.
2017-04-21 10:14:10,417 - Velocimacro : allowInline = true : VMs can be defined inline in templates
2017-04-21 10:14:10,417 - Velocimacro : allowInlineToOverride = false : VMs defined inline may NOT replace previous VM definitions
2017-04-21 10:14:10,417 - Velocimacro : allowInlineLocal = false : VMs defined inline will be global in scope if allowed.
2017-04-21 10:14:10,417 - Velocimacro : autoload off : VM system will not automatically reload global library macros
